2022-04-11 21:40:07,564 [DEBUG] [main          ] - Start -->
2022-04-11 21:40:14,618 [DEBUG] [main          ] -  Количевсиво игор: 3
2022-04-11 21:40:16,850 [DEBUG] [main          ] - Player: 0
2022-04-11 21:40:16,852 [DEBUG] [main          ] - Computer: 1
2022-04-11 21:40:16,853 [DEBUG] [main          ] - Осталось игор: 2
2022-04-11 21:40:19,672 [DEBUG] [main          ] - Player: 0
2022-04-11 21:40:19,672 [DEBUG] [main          ] - Computer: 1
2022-04-11 21:40:19,672 [DEBUG] [main          ] - Осталось игор: 1
2022-04-11 21:40:21,652 [DEBUG] [main          ] - Player: 0
2022-04-11 21:40:21,652 [DEBUG] [main          ] - Computer: 2
2022-04-11 21:40:21,652 [DEBUG] [main          ] -  --> Finish!
2022-04-11 21:42:08,108 [DEBUG] [main          ] - Start -->
2022-04-11 21:42:11,631 [ERROR] [main          ] - Exception: For input string: ""
2022-04-11 21:44:27,676 [DEBUG] [main          ] - Start -->
2022-04-11 21:44:35,194 [DEBUG] [main          ] -  Количевсиво игор: 6
2022-04-11 21:44:36,990 [DEBUG] [main          ] - Player: 0
2022-04-11 21:44:36,992 [DEBUG] [main          ] - Computer: 1
2022-04-11 21:44:36,994 [DEBUG] [main          ] - Осталось игор: 5
2022-04-11 21:44:39,489 [DEBUG] [main          ] - Player: 1
2022-04-11 21:44:39,490 [DEBUG] [main          ] - Computer: 1
2022-04-11 21:44:39,490 [DEBUG] [main          ] - Осталось игор: 4
2022-04-11 21:44:40,557 [DEBUG] [main          ] - Player: 2
2022-04-11 21:44:40,557 [DEBUG] [main          ] - Computer: 0
2022-04-11 21:44:40,557 [DEBUG] [main          ] - Осталось игор: 3
2022-04-11 21:44:41,849 [DEBUG] [main          ] - Player: 0
2022-04-11 21:44:41,850 [DEBUG] [main          ] - Computer: 1
2022-04-11 21:44:41,851 [DEBUG] [main          ] - Осталось игор: 2
2022-04-11 21:44:43,035 [DEBUG] [main          ] - Player: 0
2022-04-11 21:44:43,040 [DEBUG] [main          ] - Computer: 2
2022-04-11 21:44:43,040 [DEBUG] [main          ] - Осталось игор: 1
2022-04-11 21:44:44,013 [DEBUG] [main          ] - Player: 1
2022-04-11 21:44:44,014 [DEBUG] [main          ] - Computer: 0
2022-04-11 21:44:44,014 [DEBUG] [main          ] -  --> Finish!
